<?xml version="1.0" encoding="UTF-8"?>
<!-- Generated by org.testng.reporters.JUnitReportReporter -->
<testsuite hostname="DESKTOP-LNUE6FA" failures="0" tests="1" name="com.selenium_automation.AppTest" time="0.010" errors="0" timestamp="27 Dec 2022 06:35:15 GMT" skipped="0">
  <testcase classname="com.selenium_automation.AppTest" name="test1" time="0.010"/>
</testsuite> <!-- com.selenium_automation.AppTest -->
